<?xml version="1.0" encoding="UTF-8"?>
<testng-results ignored="1" total="2" passed="1" failed="0" skipped="0">
  <reporter-output>
  </reporter-output>
  <suite started-at="2022-03-16T17:14:18 IST" name="Default suite" finished-at="2022-03-16T17:14:24 IST" duration-ms="6541">
    <groups>
    </groups>
    <test started-at="2022-03-16T17:14:18 IST" name="Default test" finished-at="2022-03-16T17:14:24 IST" duration-ms="6541">
      <class name="RESTTEST5NG.Ecommerce">
        <test-method signature="Login()[pri:1, instance:RESTTEST5NG.Ecommerce@a3d8174]" started-at="2022-03-16T17:14:18 IST" name="Login" finished-at="2022-03-16T17:14:24 IST" duration-ms="6486" status="PASS">
          <reporter-output>
          </reporter-output>
        </test-method> <!-- Login -->
      </class> <!-- RESTTEST5NG.Ecommerce -->
    </test> <!-- Default test -->
  </suite> <!-- Default suite -->
</testng-results>
