<?xml version="1.0" encoding="UTF-8"?>
<testng-results ignored="0" total="2" passed="2" failed="0" skipped="0">
  <reporter-output>
  </reporter-output>
  <suite started-at="2022-03-15T20:45:34 IST" name="Default suite" finished-at="2022-03-15T20:45:47 IST" duration-ms="13427">
    <groups>
    </groups>
    <test started-at="2022-03-15T20:45:34 IST" name="Default test" finished-at="2022-03-15T20:45:47 IST" duration-ms="13427">
      <class name="RESTTEST5NG.Ecommerce">
        <test-method signature="signup()[pri:0, instance:RESTTEST5NG.Ecommerce@a3d8174]" started-at="2022-03-15T20:45:34 IST" name="signup" finished-at="2022-03-15T20:45:43 IST" duration-ms="9312" status="PASS">
          <reporter-output>
          </reporter-output>
        </test-method> <!-- signup -->
        <test-method signature="Login()[pri:1, instance:RESTTEST5NG.Ecommerce@a3d8174]" started-at="2022-03-15T20:45:43 IST" name="Login" finished-at="2022-03-15T20:45:47 IST" duration-ms="4054" status="PASS">
          <reporter-output>
          </reporter-output>
        </test-method> <!-- Login -->
      </class> <!-- RESTTEST5NG.Ecommerce -->
    </test> <!-- Default test -->
  </suite> <!-- Default suite -->
</testng-results>
